<?xml version="1.0" encoding="UTF-8"?>
<testsuite xmlns:xsi="http://www.w3.org/2001/XMLSchema-instance" xsi:noNamespaceSchemaLocation="https://maven.apache.org/surefire/maven-surefire-plugin/xsd/surefire-test-report.xsd" name="guru.springframework.msscbrewery.MsscBreweryApplicationTests" time="3.281" tests="1" errors="0" skipped="0" failures="0">
  <properties>
    <property name="sun.desktop" value="windows"/>
    <property name="awt.toolkit" value="sun.awt.windows.WToolkit"/>
    <property name="java.specification.version" value="11"/>
    <property name="sun.cpu.isalist" value="amd64"/>
    <property name="sun.jnu.encoding" value="Cp1252"/>
    <property name="java.class.path" value="S:\92_Workspace\02_All_Udemy_Beer_Project\mssc-brewery\target\test-classes;S:\92_Workspace\02_All_Udemy_Beer_Project\mssc-brewery\target\classes;S:\81_Software\Maven_Repository\.m2\org\springframework\boot\spring-boot-starter-actuator\2.4.0\spring-boot-starter-actuator-2.4.0.jar;S:\81_Software\Maven_Repository\.m2\org\springframework\boot\spring-boot-starter\2.4.0\spring-boot-starter-2.4.0.jar;S:\81_Software\Maven_Repository\.m2\org\springframework\boot\spring-boot-starter-logging\2.4.0\spring-boot-starter-logging-2.4.0.jar;S:\81_Software\Maven_Repository\.m2\ch\qos\logback\logback-classic\1.2.3\logback-classic-1.2.3.jar;S:\81_Software\Maven_Repository\.m2\ch\qos\logback\logback-core\1.2.3\logback-core-1.2.3.jar;S:\81_Software\Maven_Repository\.m2\org\apache\logging\log4j\log4j-to-slf4j\2.13.3\log4j-to-slf4j-2.13.3.jar;S:\81_Software\Maven_Repository\.m2\org\apache\logging\log4j\log4j-api\2.13.3\log4j-api-2.13.3.jar;S:\81_Software\Maven_Repository\.m2\org\slf4j\jul-to-slf4j\1.7.30\jul-to-slf4j-1.7.30.jar;S:\81_Software\Maven_Repository\.m2\jakarta\annotation\jakarta.annotation-api\1.3.5\jakarta.annotation-api-1.3.5.jar;S:\81_Software\Maven_Repository\.m2\org\yaml\snakeyaml\1.27\snakeyaml-1.27.jar;S:\81_Software\Maven_Repository\.m2\org\springframework\boot\spring-boot-actuator-autoconfigure\2.4.0\spring-boot-actuator-autoconfigure-2.4.0.jar;S:\81_Software\Maven_Repository\.m2\org\springframework\boot\spring-boot-actuator\2.4.0\spring-boot-actuator-2.4.0.jar;S:\81_Software\Maven_Repository\.m2\com\fasterxml\jackson\core\jackson-databind\2.11.3\jackson-databind-2.11.3.jar;S:\81_Software\Maven_Repository\.m2\com\fasterxml\jackson\core\jackson-annotations\2.11.3\jackson-annotations-2.11.3.jar;S:\81_Software\Maven_Repository\.m2\com\fasterxml\jackson\core\jackson-core\2.11.3\jackson-core-2.11.3.jar;S:\81_Software\Maven_Repository\.m2\com\fasterxml\jackson\datatype\jackson-datatype-jsr310\2.11.3\jackson-datatype-jsr310-2.11.3.jar;S:\81_Software\Maven_Repository\.m2\io\micrometer\micrometer-core\1.6.1\micrometer-core-1.6.1.jar;S:\81_Software\Maven_Repository\.m2\org\hdrhistogram\HdrHistogram\2.1.12\HdrHistogram-2.1.12.jar;S:\81_Software\Maven_Repository\.m2\org\latencyutils\LatencyUtils\2.0.3\LatencyUtils-2.0.3.jar;S:\81_Software\Maven_Repository\.m2\org\springframework\boot\spring-boot-starter-web\2.4.0\spring-boot-starter-web-2.4.0.jar;S:\81_Software\Maven_Repository\.m2\org\springframework\boot\spring-boot-starter-json\2.4.0\spring-boot-starter-json-2.4.0.jar;S:\81_Software\Maven_Repository\.m2\com\fasterxml\jackson\datatype\jackson-datatype-jdk8\2.11.3\jackson-datatype-jdk8-2.11.3.jar;S:\81_Software\Maven_Repository\.m2\com\fasterxml\jackson\module\jackson-module-parameter-names\2.11.3\jackson-module-parameter-names-2.11.3.jar;S:\81_Software\Maven_Repository\.m2\org\springframework\boot\spring-boot-starter-tomcat\2.4.0\spring-boot-starter-tomcat-2.4.0.jar;S:\81_Software\Maven_Repository\.m2\org\apache\tomcat\embed\tomcat-embed-core\9.0.39\tomcat-embed-core-9.0.39.jar;S:\81_Software\Maven_Repository\.m2\org\glassfish\jakarta.el\3.0.3\jakarta.el-3.0.3.jar;S:\81_Software\Maven_Repository\.m2\org\apache\tomcat\embed\tomcat-embed-websocket\9.0.39\tomcat-embed-websocket-9.0.39.jar;S:\81_Software\Maven_Repository\.m2\org\springframework\spring-web\5.3.1\spring-web-5.3.1.jar;S:\81_Software\Maven_Repository\.m2\org\springframework\spring-beans\5.3.1\spring-beans-5.3.1.jar;S:\81_Software\Maven_Repository\.m2\org\springframework\spring-webmvc\5.3.1\spring-webmvc-5.3.1.jar;S:\81_Software\Maven_Repository\.m2\org\springframework\spring-aop\5.3.1\spring-aop-5.3.1.jar;S:\81_Software\Maven_Repository\.m2\org\springframework\spring-context\5.3.1\spring-context-5.3.1.jar;S:\81_Software\Maven_Repository\.m2\org\springframework\spring-expression\5.3.1\spring-expression-5.3.1.jar;S:\81_Software\Maven_Repository\.m2\org\springframework\boot\spring-boot-devtools\2.4.0\spring-boot-devtools-2.4.0.jar;S:\81_Software\Maven_Repository\.m2\org\springframework\boot\spring-boot\2.4.0\spring-boot-2.4.0.jar;S:\81_Software\Maven_Repository\.m2\org\springframework\boot\spring-boot-autoconfigure\2.4.0\spring-boot-autoconfigure-2.4.0.jar;S:\81_Software\Maven_Repository\.m2\org\projectlombok\lombok\1.18.16\lombok-1.18.16.jar;S:\81_Software\Maven_Repository\.m2\org\springframework\boot\spring-boot-starter-test\2.4.0\spring-boot-starter-test-2.4.0.jar;S:\81_Software\Maven_Repository\.m2\org\springframework\boot\spring-boot-test\2.4.0\spring-boot-test-2.4.0.jar;S:\81_Software\Maven_Repository\.m2\org\springframework\boot\spring-boot-test-autoconfigure\2.4.0\spring-boot-test-autoconfigure-2.4.0.jar;S:\81_Software\Maven_Repository\.m2\com\jayway\jsonpath\json-path\2.4.0\json-path-2.4.0.jar;S:\81_Software\Maven_Repository\.m2\net\minidev\json-smart\2.3\json-smart-2.3.jar;S:\81_Software\Maven_Repository\.m2\net\minidev\accessors-smart\1.2\accessors-smart-1.2.jar;S:\81_Software\Maven_Repository\.m2\org\ow2\asm\asm\5.0.4\asm-5.0.4.jar;S:\81_Software\Maven_Repository\.m2\org\slf4j\slf4j-api\1.7.30\slf4j-api-1.7.30.jar;S:\81_Software\Maven_Repository\.m2\jakarta\xml\bind\jakarta.xml.bind-api\2.3.3\jakarta.xml.bind-api-2.3.3.jar;S:\81_Software\Maven_Repository\.m2\jakarta\activation\jakarta.activation-api\1.2.2\jakarta.activation-api-1.2.2.jar;S:\81_Software\Maven_Repository\.m2\org\assertj\assertj-core\3.18.1\assertj-core-3.18.1.jar;S:\81_Software\Maven_Repository\.m2\org\hamcrest\hamcrest\2.2\hamcrest-2.2.jar;S:\81_Software\Maven_Repository\.m2\org\junit\jupiter\junit-jupiter\5.7.0\junit-jupiter-5.7.0.jar;S:\81_Software\Maven_Repository\.m2\org\junit\jupiter\junit-jupiter-api\5.7.0\junit-jupiter-api-5.7.0.jar;S:\81_Software\Maven_Repository\.m2\org\apiguardian\apiguardian-api\1.1.0\apiguardian-api-1.1.0.jar;S:\81_Software\Maven_Repository\.m2\org\opentest4j\opentest4j\1.2.0\opentest4j-1.2.0.jar;S:\81_Software\Maven_Repository\.m2\org\junit\platform\junit-platform-commons\1.7.0\junit-platform-commons-1.7.0.jar;S:\81_Software\Maven_Repository\.m2\org\junit\jupiter\junit-jupiter-params\5.7.0\junit-jupiter-params-5.7.0.jar;S:\81_Software\Maven_Repository\.m2\org\junit\jupiter\junit-jupiter-engine\5.7.0\junit-jupiter-engine-5.7.0.jar;S:\81_Software\Maven_Repository\.m2\org\junit\platform\junit-platform-engine\1.7.0\junit-platform-engine-1.7.0.jar;S:\81_Software\Maven_Repository\.m2\org\mockito\mockito-core\3.6.0\mockito-core-3.6.0.jar;S:\81_Software\Maven_Repository\.m2\net\bytebuddy\byte-buddy\1.10.18\byte-buddy-1.10.18.jar;S:\81_Software\Maven_Repository\.m2\net\bytebuddy\byte-buddy-agent\1.10.18\byte-buddy-agent-1.10.18.jar;S:\81_Software\Maven_Repository\.m2\org\objenesis\objenesis\3.1\objenesis-3.1.jar;S:\81_Software\Maven_Repository\.m2\org\mockito\mockito-junit-jupiter\3.6.0\mockito-junit-jupiter-3.6.0.jar;S:\81_Software\Maven_Repository\.m2\org\skyscreamer\jsonassert\1.5.0\jsonassert-1.5.0.jar;S:\81_Software\Maven_Repository\.m2\com\vaadin\external\google\android-json\0.0.20131108.vaadin1\android-json-0.0.20131108.vaadin1.jar;S:\81_Software\Maven_Repository\.m2\org\springframework\spring-core\5.3.1\spring-core-5.3.1.jar;S:\81_Software\Maven_Repository\.m2\org\springframework\spring-jcl\5.3.1\spring-jcl-5.3.1.jar;S:\81_Software\Maven_Repository\.m2\org\springframework\spring-test\5.3.1\spring-test-5.3.1.jar;S:\81_Software\Maven_Repository\.m2\org\xmlunit\xmlunit-core\2.7.0\xmlunit-core-2.7.0.jar;"/>
    <property name="java.vm.vendor" value="Oracle Corporation"/>
    <property name="sun.arch.data.model" value="64"/>
    <property name="user.variant" value=""/>
    <property name="java.vendor.url" value="http://java.oracle.com/"/>
    <property name="user.timezone" value="Europe/Berlin"/>
    <property name="java.vm.specification.version" value="11"/>
    <property name="os.name" value="Windows 10"/>
    <property name="sun.java.launcher" value="SUN_STANDARD"/>
    <property name="user.country" value="DE"/>
    <property name="sun.boot.library.path" value="C:\Program Files\Java\jdk-11.0.2\bin"/>
    <property name="sun.java.command" value="C:\Users\ADMINI~1\AppData\Local\Temp\surefire697951914916370106\surefirebooter8970067083511357271.jar C:\Users\Administrator\AppData\Local\Temp\surefire697951914916370106 2020-11-22T23-27-05_546-jvmRun1 surefire18433024489147889063tmp surefire_06119475020802664891tmp"/>
    <property name="jdk.debug" value="release"/>
    <property name="surefire.test.class.path" value="S:\92_Workspace\02_All_Udemy_Beer_Project\mssc-brewery\target\test-classes;S:\92_Workspace\02_All_Udemy_Beer_Project\mssc-brewery\target\classes;S:\81_Software\Maven_Repository\.m2\org\springframework\boot\spring-boot-starter-actuator\2.4.0\spring-boot-starter-actuator-2.4.0.jar;S:\81_Software\Maven_Repository\.m2\org\springframework\boot\spring-boot-starter\2.4.0\spring-boot-starter-2.4.0.jar;S:\81_Software\Maven_Repository\.m2\org\springframework\boot\spring-boot-starter-logging\2.4.0\spring-boot-starter-logging-2.4.0.jar;S:\81_Software\Maven_Repository\.m2\ch\qos\logback\logback-classic\1.2.3\logback-classic-1.2.3.jar;S:\81_Software\Maven_Repository\.m2\ch\qos\logback\logback-core\1.2.3\logback-core-1.2.3.jar;S:\81_Software\Maven_Repository\.m2\org\apache\logging\log4j\log4j-to-slf4j\2.13.3\log4j-to-slf4j-2.13.3.jar;S:\81_Software\Maven_Repository\.m2\org\apache\logging\log4j\log4j-api\2.13.3\log4j-api-2.13.3.jar;S:\81_Software\Maven_Repository\.m2\org\slf4j\jul-to-slf4j\1.7.30\jul-to-slf4j-1.7.30.jar;S:\81_Software\Maven_Repository\.m2\jakarta\annotation\jakarta.annotation-api\1.3.5\jakarta.annotation-api-1.3.5.jar;S:\81_Software\Maven_Repository\.m2\org\yaml\snakeyaml\1.27\snakeyaml-1.27.jar;S:\81_Software\Maven_Repository\.m2\org\springframework\boot\spring-boot-actuator-autoconfigure\2.4.0\spring-boot-actuator-autoconfigure-2.4.0.jar;S:\81_Software\Maven_Repository\.m2\org\springframework\boot\spring-boot-actuator\2.4.0\spring-boot-actuator-2.4.0.jar;S:\81_Software\Maven_Repository\.m2\com\fasterxml\jackson\core\jackson-databind\2.11.3\jackson-databind-2.11.3.jar;S:\81_Software\Maven_Repository\.m2\com\fasterxml\jackson\core\jackson-annotations\2.11.3\jackson-annotations-2.11.3.jar;S:\81_Software\Maven_Repository\.m2\com\fasterxml\jackson\core\jackson-core\2.11.3\jackson-core-2.11.3.jar;S:\81_Software\Maven_Repository\.m2\com\fasterxml\jackson\datatype\jackson-datatype-jsr310\2.11.3\jackson-datatype-jsr310-2.11.3.jar;S:\81_Software\Maven_Repository\.m2\io\micrometer\micrometer-core\1.6.1\micrometer-core-1.6.1.jar;S:\81_Software\Maven_Repository\.m2\org\hdrhistogram\HdrHistogram\2.1.12\HdrHistogram-2.1.12.jar;S:\81_Software\Maven_Repository\.m2\org\latencyutils\LatencyUtils\2.0.3\LatencyUtils-2.0.3.jar;S:\81_Software\Maven_Repository\.m2\org\springframework\boot\spring-boot-starter-web\2.4.0\spring-boot-starter-web-2.4.0.jar;S:\81_Software\Maven_Repository\.m2\org\springframework\boot\spring-boot-starter-json\2.4.0\spring-boot-starter-json-2.4.0.jar;S:\81_Software\Maven_Repository\.m2\com\fasterxml\jackson\datatype\jackson-datatype-jdk8\2.11.3\jackson-datatype-jdk8-2.11.3.jar;S:\81_Software\Maven_Repository\.m2\com\fasterxml\jackson\module\jackson-module-parameter-names\2.11.3\jackson-module-parameter-names-2.11.3.jar;S:\81_Software\Maven_Repository\.m2\org\springframework\boot\spring-boot-starter-tomcat\2.4.0\spring-boot-starter-tomcat-2.4.0.jar;S:\81_Software\Maven_Repository\.m2\org\apache\tomcat\embed\tomcat-embed-core\9.0.39\tomcat-embed-core-9.0.39.jar;S:\81_Software\Maven_Repository\.m2\org\glassfish\jakarta.el\3.0.3\jakarta.el-3.0.3.jar;S:\81_Software\Maven_Repository\.m2\org\apache\tomcat\embed\tomcat-embed-websocket\9.0.39\tomcat-embed-websocket-9.0.39.jar;S:\81_Software\Maven_Repository\.m2\org\springframework\spring-web\5.3.1\spring-web-5.3.1.jar;S:\81_Software\Maven_Repository\.m2\org\springframework\spring-beans\5.3.1\spring-beans-5.3.1.jar;S:\81_Software\Maven_Repository\.m2\org\springframework\spring-webmvc\5.3.1\spring-webmvc-5.3.1.jar;S:\81_Software\Maven_Repository\.m2\org\springframework\spring-aop\5.3.1\spring-aop-5.3.1.jar;S:\81_Software\Maven_Repository\.m2\org\springframework\spring-context\5.3.1\spring-context-5.3.1.jar;S:\81_Software\Maven_Repository\.m2\org\springframework\spring-expression\5.3.1\spring-expression-5.3.1.jar;S:\81_Software\Maven_Repository\.m2\org\springframework\boot\spring-boot-devtools\2.4.0\spring-boot-devtools-2.4.0.jar;S:\81_Software\Maven_Repository\.m2\org\springframework\boot\spring-boot\2.4.0\spring-boot-2.4.0.jar;S:\81_Software\Maven_Repository\.m2\org\springframework\boot\spring-boot-autoconfigure\2.4.0\spring-boot-autoconfigure-2.4.0.jar;S:\81_Software\Maven_Repository\.m2\org\projectlombok\lombok\1.18.16\lombok-1.18.16.jar;S:\81_Software\Maven_Repository\.m2\org\springframework\boot\spring-boot-starter-test\2.4.0\spring-boot-starter-test-2.4.0.jar;S:\81_Software\Maven_Repository\.m2\org\springframework\boot\spring-boot-test\2.4.0\spring-boot-test-2.4.0.jar;S:\81_Software\Maven_Repository\.m2\org\springframework\boot\spring-boot-test-autoconfigure\2.4.0\spring-boot-test-autoconfigure-2.4.0.jar;S:\81_Software\Maven_Repository\.m2\com\jayway\jsonpath\json-path\2.4.0\json-path-2.4.0.jar;S:\81_Software\Maven_Repository\.m2\net\minidev\json-smart\2.3\json-smart-2.3.jar;S:\81_Software\Maven_Repository\.m2\net\minidev\accessors-smart\1.2\accessors-smart-1.2.jar;S:\81_Software\Maven_Repository\.m2\org\ow2\asm\asm\5.0.4\asm-5.0.4.jar;S:\81_Software\Maven_Repository\.m2\org\slf4j\slf4j-api\1.7.30\slf4j-api-1.7.30.jar;S:\81_Software\Maven_Repository\.m2\jakarta\xml\bind\jakarta.xml.bind-api\2.3.3\jakarta.xml.bind-api-2.3.3.jar;S:\81_Software\Maven_Repository\.m2\jakarta\activation\jakarta.activation-api\1.2.2\jakarta.activation-api-1.2.2.jar;S:\81_Software\Maven_Repository\.m2\org\assertj\assertj-core\3.18.1\assertj-core-3.18.1.jar;S:\81_Software\Maven_Repository\.m2\org\hamcrest\hamcrest\2.2\hamcrest-2.2.jar;S:\81_Software\Maven_Repository\.m2\org\junit\jupiter\junit-jupiter\5.7.0\junit-jupiter-5.7.0.jar;S:\81_Software\Maven_Repository\.m2\org\junit\jupiter\junit-jupiter-api\5.7.0\junit-jupiter-api-5.7.0.jar;S:\81_Software\Maven_Repository\.m2\org\apiguardian\apiguardian-api\1.1.0\apiguardian-api-1.1.0.jar;S:\81_Software\Maven_Repository\.m2\org\opentest4j\opentest4j\1.2.0\opentest4j-1.2.0.jar;S:\81_Software\Maven_Repository\.m2\org\junit\platform\junit-platform-commons\1.7.0\junit-platform-commons-1.7.0.jar;S:\81_Software\Maven_Repository\.m2\org\junit\jupiter\junit-jupiter-params\5.7.0\junit-jupiter-params-5.7.0.jar;S:\81_Software\Maven_Repository\.m2\org\junit\jupiter\junit-jupiter-engine\5.7.0\junit-jupiter-engine-5.7.0.jar;S:\81_Software\Maven_Repository\.m2\org\junit\platform\junit-platform-engine\1.7.0\junit-platform-engine-1.7.0.jar;S:\81_Software\Maven_Repository\.m2\org\mockito\mockito-core\3.6.0\mockito-core-3.6.0.jar;S:\81_Software\Maven_Repository\.m2\net\bytebuddy\byte-buddy\1.10.18\byte-buddy-1.10.18.jar;S:\81_Software\Maven_Repository\.m2\net\bytebuddy\byte-buddy-agent\1.10.18\byte-buddy-agent-1.10.18.jar;S:\81_Software\Maven_Repository\.m2\org\objenesis\objenesis\3.1\objenesis-3.1.jar;S:\81_Software\Maven_Repository\.m2\org\mockito\mockito-junit-jupiter\3.6.0\mockito-junit-jupiter-3.6.0.jar;S:\81_Software\Maven_Repository\.m2\org\skyscreamer\jsonassert\1.5.0\jsonassert-1.5.0.jar;S:\81_Software\Maven_Repository\.m2\com\vaadin\external\google\android-json\0.0.20131108.vaadin1\android-json-0.0.20131108.vaadin1.jar;S:\81_Software\Maven_Repository\.m2\org\springframework\spring-core\5.3.1\spring-core-5.3.1.jar;S:\81_Software\Maven_Repository\.m2\org\springframework\spring-jcl\5.3.1\spring-jcl-5.3.1.jar;S:\81_Software\Maven_Repository\.m2\org\springframework\spring-test\5.3.1\spring-test-5.3.1.jar;S:\81_Software\Maven_Repository\.m2\org\xmlunit\xmlunit-core\2.7.0\xmlunit-core-2.7.0.jar;"/>
    <property name="sun.cpu.endian" value="little"/>
    <property name="user.home" value="C:\Users\Administrator"/>
    <property name="user.language" value="de"/>
    <property name="java.specification.vendor" value="Oracle Corporation"/>
    <property name="java.version.date" value="2019-01-15"/>
    <property name="java.home" value="C:\Program Files\Java\jdk-11.0.2"/>
    <property name="file.separator" value="\"/>
    <property name="basedir" value="S:\92_Workspace\02_All_Udemy_Beer_Project\mssc-brewery"/>
    <property name="java.vm.compressedOopsMode" value="Zero based"/>
    <property name="line.separator" value="&#10;"/>
    <property name="java.specification.name" value="Java Platform API Specification"/>
    <property name="java.vm.specification.vendor" value="Oracle Corporation"/>
    <property name="java.awt.graphicsenv" value="sun.awt.Win32GraphicsEnvironment"/>
    <property name="surefire.real.class.path" value="C:\Users\ADMINI~1\AppData\Local\Temp\surefire697951914916370106\surefirebooter8970067083511357271.jar"/>
    <property name="user.script" value=""/>
    <property name="sun.management.compiler" value="HotSpot 64-Bit Tiered Compilers"/>
    <property name="java.runtime.version" value="11.0.2+9"/>
    <property name="user.name" value="Administrator"/>
    <property name="path.separator" value=";"/>
    <property name="os.version" value="10.0"/>
    <property name="java.runtime.name" value="OpenJDK Runtime Environment"/>
    <property name="file.encoding" value="Cp1252"/>
    <property name="java.vm.name" value="OpenJDK 64-Bit Server VM"/>
    <property name="java.vendor.version" value="18.9"/>
    <property name="localRepository" value="S:\81_Software\Maven_Repository\.m2"/>
    <property name="java.vendor.url.bug" value="http://bugreport.java.com/bugreport/"/>
    <property name="java.io.tmpdir" value="C:\Users\ADMINI~1\AppData\Local\Temp\"/>
    <property name="java.version" value="11.0.2"/>
    <property name="user.dir" value="S:\92_Workspace\02_All_Udemy_Beer_Project\mssc-brewery"/>
    <property name="os.arch" value="amd64"/>
    <property name="java.vm.specification.name" value="Java Virtual Machine Specification"/>
    <property name="java.awt.printerjob" value="sun.awt.windows.WPrinterJob"/>
    <property name="sun.os.patch.level" value=""/>
    <property name="java.library.path" value="C:\Program Files\Java\jdk-11.0.2\bin;C:\WINDOWS\Sun\Java\bin;C:\WINDOWS\system32;C:\WINDOWS;D:\Servers\Oracle_Express_edition_18c\app\dbhomeXE\bin;C:\Program Files\Java\jdk-11.0.2\bin;C:\Program Files (x86)\Common Files\Oracle\Java\javapath;D:\Servers\Oracle11SQL\app\oracle\product\11.2.0\server\bin;C:\WINDOWS\system32;C:\WINDOWS;C:\WINDOWS\System32\Wbem;C:\WINDOWS\System32\WindowsPowerShell\v1.0\;C:\WINDOWS\System32\OpenSSH\;D:\Servers\WildFly-JBoss\wildfly-16.0.0.Final\bin;D:\Maven\apache-maven-3.6.1\bin;S:\81_Software\Git\Git\cmd;S:\81_Software\Maven\apache-maven-3.6.1\bin;S:\81_Software\Putty\;S:\81_Software\NodeJs\;S:\81_Software\Brackets_Adobe_Text_Editor\command;C:\Users\Administrator\.windows-build-tools\python27\;C:\Program Files\MySQL\MySQL Shell 8.0\bin\;C:\Users\Administrator\AppData\Local\Microsoft\WindowsApps;C:\Users\Administrator\AppData\Local\atom\bin;D:\Visual_Studio\Microsoft VS Code\bin;S:\81_Software\Intellij IDEA\IntelliJ IDEA 2020.1.4\bin;;C:\Users\Administrator\AppData\Roaming\npm;S:\85_Server\MongoDB\mongoDB_Server_4.2.8\bin;%USERPROFILE%\AppData\Local\Microsoft\WindowsApps;."/>
    <property name="java.vendor" value="Oracle Corporation"/>
    <property name="java.vm.info" value="mixed mode"/>
    <property name="java.vm.version" value="11.0.2+9"/>
    <property name="sun.io.unicode.encoding" value="UnicodeLittle"/>
    <property name="java.class.version" value="55.0"/>
  </properties>
  <testcase name="contextLoads" classname="guru.springframework.msscbrewery.MsscBreweryApplicationTests" time="0.295"/>
</testsuite>